<?xml version="1.0" encoding="UTF-8"?>
<!-- Generated by org.testng.reporters.JUnitReportReporter -->
<testsuite hostname="Farooq" failures="0" tests="1" name="demo.SampleDemo" time="0.012" errors="0" timestamp="2022-09-08T18:22:09 IST" skipped="0">
  <testcase classname="demo.SampleDemo" name="demo" time="0.012"/>
  <system-out/>
</testsuite> <!-- demo.SampleDemo -->
