<?xml version="1.0" encoding="UTF-8"?>
<!-- Generated by org.testng.reporters.JUnitReportReporter -->
<testsuite hostname="Farooq" failures="0" tests="1" name="testing.AddProductToCart" time="0.023" errors="0" timestamp="2022-09-13T11:40:00 IST" skipped="0">
  <testcase classname="testing.AddProductToCart" name="addcartest" time="0.023"/>
  <system-out/>
</testsuite> <!-- testing.AddProductToCart -->
