<?xml version="1.0" encoding="UTF-8"?>
<!-- Generated by org.testng.reporters.JUnitReportReporter -->
<testsuite hostname="Farooq" failures="0" tests="1" name="demo.Practice22" time="0.019" errors="0" timestamp="2022-09-12T14:22:49 IST" skipped="0">
  <testcase classname="demo.Practice22" name="demo" time="0.019"/>
  <system-out/>
</testsuite> <!-- demo.Practice22 -->
