<?xml version="1.0" encoding="UTF-8"?>
<!-- Generated by org.testng.reporters.JUnitReportReporter -->
<testsuite hostname="Farooq" failures="0" tests="1" name="demo.SampleDemoTest" time="0.024" errors="0" timestamp="2022-09-12T12:33:55 IST" skipped="0">
  <testcase classname="demo.SampleDemoTest" name="demo" time="0.024"/>
  <system-out/>
</testsuite> <!-- demo.SampleDemoTest -->
