<?xml version="1.0" encoding="UTF-8"?>
<!-- Generated by org.testng.reporters.JUnitReportReporter -->
<testsuite hostname="Farooq" failures="0" tests="1" name="testing.DeletePeoductFromCart" time="0.029" errors="0" timestamp="2022-09-17T10:48:15 IST" skipped="0">
  <testcase classname="testing.DeletePeoductFromCart" name="deleteproduct" time="0.029"/>
  <system-out/>
</testsuite> <!-- testing.DeletePeoductFromCart -->
