<?xml version="1.0" encoding="UTF-8"?>
<!-- Generated by org.testng.reporters.JUnitReportReporter -->
<testsuite hostname="Farooq" failures="0" tests="1" name="demo.PracticeDemo" time="0.019" errors="0" timestamp="2022-09-12T12:59:48 IST" skipped="0">
  <testcase classname="demo.PracticeDemo" name="test" time="0.019"/>
  <system-out/>
</testsuite> <!-- demo.PracticeDemo -->
