<?xml version="1.0" encoding="UTF-8"?>
<!-- Generated by org.testng.reporters.JUnitReportReporter -->
<testsuite hostname="Farooq" failures="0" tests="1" name="testing.AddProductToCart" time="0.020" errors="0" timestamp="2022-09-15T21:41:37 IST" skipped="0">
  <testcase classname="testing.AddProductToCart" name="addcartest" time="0.020"/>
  <system-out/>
</testsuite> <!-- testing.AddProductToCart -->
