<?xml version="1.0" encoding="UTF-8"?>
<!-- Generated by org.testng.reporters.JUnitReportReporter -->
<testsuite hostname="Farooq" failures="0" tests="1" name="demo.Practice" time="0.021" errors="0" timestamp="2022-09-12T14:03:40 IST" skipped="0">
  <testcase classname="demo.Practice" name="test" time="0.021"/>
  <system-out/>
</testsuite> <!-- demo.Practice -->
