<?xml version="1.0" encoding="UTF-8"?>
<!-- Generated by org.testng.reporters.JUnitReportReporter -->
<testsuite hostname="Farooq" failures="0" tests="1" name="demo.DataFromCommandLineTest" time="0.018" errors="0" timestamp="2022-09-09T11:58:04 IST" skipped="0">
  <testcase classname="demo.DataFromCommandLineTest" name="getData" time="0.018"/>
  <system-out/>
</testsuite> <!-- demo.DataFromCommandLineTest -->
